<?xml version="1.0" encoding="UTF-8"?>
<!-- Generated by org.testng.reporters.JUnitReportReporter -->
<testsuite hostname="DESKTOP-6RR23G9" failures="0" tests="1" name="PuneriPatternValidation.validateHomePage" time="22.280" errors="0" timestamp="2025-06-24T20:31:32 IST" skipped="0">
  <testcase classname="PuneriPatternValidation.validateHomePage" name="validateAboutPage" time="22.280"/>
</testsuite> <!-- PuneriPatternValidation.validateHomePage -->
