<?xml version="1.0" encoding="UTF-8"?>
<!-- Generated by org.testng.reporters.JUnitReportReporter -->
<testsuite hostname="DESKTOP-6RR23G9" failures="0" tests="1" name="PuneriPatternValidation.ValidateAboutUsPage" time="35.958" errors="0" timestamp="2025-06-24T20:31:32 IST" skipped="0">
  <testcase classname="PuneriPatternValidation.ValidateAboutUsPage" name="validateAboutPage" time="35.958"/>
</testsuite> <!-- PuneriPatternValidation.ValidateAboutUsPage -->
