<?xml version="1.0" encoding="UTF-8"?>
<!-- Generated by org.testng.reporters.JUnitReportReporter -->
<testsuite hostname="DESKTOP-6RR23G9" failures="0" tests="1" name="PuneriPatternValidation.validateHomePage" time="87.294" errors="0" timestamp="2025-06-24T20:43:34 IST" skipped="0">
  <testcase classname="PuneriPatternValidation.validateHomePage" name="validateAboutPage" time="87.294"/>
</testsuite> <!-- PuneriPatternValidation.validateHomePage -->
